
Copyright (C) 1994-2023 Synopsys, Inc.
This Synopsys software and all associated documentation are proprietary to Synopsys, Inc.
and may only be used pursuant to the terms and conditions of a written license agreement
with Synopsys, Inc. All other use, reproduction, modification, or distribution of the
Synopsys software or the associated documentation is strictly prohibited.
Tool: Synplify Pro (R)
Build: V-2023.09M-5
Install: /home/hazen/microchip/Libero_SoC_2025.1/Libero_SoC/Synplify_Pro
OS: Ubuntu 24.04.3 LTS
Hostname: hazen-botlab
max virtual memory: unlimited (bytes)
max user processes: 127236
max stack size: 8388608 (bytes)


Implementation : synthesis
Synopsys HDL compiler and linker, Version comp202309synp1, Build 540R, Built Apr 29 2025 06:34:33, @6004905

Modified Files: 3
FID:  path (prevtimestamp, timestamp)
11       /home/hazen/work/libero-projects/blinky_counter/hdl/counter_top.vhd (2026-03-02 10:59:19, 2026-03-02 16:16:28)
12       /home/hazen/work/libero-projects/blinky_counter/hdl/uart_new.vhd (N/A, 2026-03-02 16:10:44)
13       /home/hazen/work/libero-projects/blinky_counter/hdl/uart_tx.vhd (N/A, 2026-03-02 15:56:16)

*******************************************************************
Modules that may have changed as a result of file changes: 3
MID:  lib.cell.view
0        work.led_blinker.rtl may have changed because the following files changed:
                        /home/hazen/work/libero-projects/blinky_counter/hdl/counter_top.vhd (2026-03-02 10:59:19, 2026-03-02 16:16:28) <-- (architecture and entity definition)
2        work.uart_new.arch may have changed because the following files changed:
                        /home/hazen/work/libero-projects/blinky_counter/hdl/counter_top.vhd (2026-03-02 10:59:19, 2026-03-02 16:16:28) <-- (may instantiate this module)
                        /home/hazen/work/libero-projects/blinky_counter/hdl/uart_new.vhd (N/A, 2026-03-02 16:10:44) <-- (architecture and entity definition)
4        work.uart_tx.rtl may have changed because the following files changed:
                        /home/hazen/work/libero-projects/blinky_counter/hdl/counter_top.vhd (2026-03-02 10:59:19, 2026-03-02 16:16:28) <-- (may instantiate this module)
                        /home/hazen/work/libero-projects/blinky_counter/hdl/uart_tx.vhd (N/A, 2026-03-02 15:56:16) <-- (architecture and entity definition)

*******************************************************************
Unmodified files: 10
FID:  path (timestamp)
1        /home/hazen/microchip/Libero_SoC_2025.1/Libero_SoC/Synplify_Pro/lib/vhd/hyperents.vhd (2025-04-29 09:27:56)
2        /home/hazen/microchip/Libero_SoC_2025.1/Libero_SoC/Synplify_Pro/lib/vhd/snps_haps_pkg.vhd (2025-04-29 09:27:56)
3        /home/hazen/microchip/Libero_SoC_2025.1/Libero_SoC/Synplify_Pro/lib/vhd/umr_capim.vhd (2025-04-29 09:27:57)
4        /home/hazen/microchip/Libero_SoC_2025.1/Libero_SoC/Synplify_Pro/lib/vhd2008/arith.vhd (2025-04-29 09:27:56)
5        /home/hazen/microchip/Libero_SoC_2025.1/Libero_SoC/Synplify_Pro/lib/vhd2008/location.map (2025-04-29 09:27:57)
6        /home/hazen/microchip/Libero_SoC_2025.1/Libero_SoC/Synplify_Pro/lib/vhd2008/numeric.vhd (2025-04-29 09:38:21)
7        /home/hazen/microchip/Libero_SoC_2025.1/Libero_SoC/Synplify_Pro/lib/vhd2008/std.vhd (2025-04-29 09:27:57)
8        /home/hazen/microchip/Libero_SoC_2025.1/Libero_SoC/Synplify_Pro/lib/vhd2008/std1164.vhd (2025-04-29 09:27:57)
9        /home/hazen/microchip/Libero_SoC_2025.1/Libero_SoC/Synplify_Pro/lib/vhd2008/std_textio.vhd (2025-04-29 09:27:57)
10       /home/hazen/microchip/Libero_SoC_2025.1/Libero_SoC/Synplify_Pro/lib/vhd2008/unsigned.vhd (2025-04-29 09:27:57)

*******************************************************************
Unchanged modules: 0
MID:  lib.cell.view
