Resource Usage Report for led_blinker 

Mapping to part: mpfs095tfcvg784-1
Cell usage:
CLKINT          1 use
CFG1           2 uses
CFG2           16 uses
CFG3           18 uses
CFG4           30 uses

Carry cells:
ARI1            55 uses - used for arithmetic functions


Sequential Cells: 
SLE            119 uses

DSP Blocks:    0 of 292 (0%)

I/O ports: 12
I/O primitives: 12
INBUF          3 uses
OUTBUF         9 uses


Global Clock Buffers: 1

Total LUTs:    121

Extra resources required for RAM and MACC_PA interface logic during P&R:

RAM64X12 Interface Logic : SLEs = 0; LUTs = 0;
RAM1K20  Interface Logic : SLEs = 0; LUTs = 0;
MACC_PA     Interface Logic : SLEs = 0; LUTs = 0;
MACC_PA_BC_ROM     Interface Logic : SLEs = 0; LUTs = 0;

Total number of SLEs after P&R:  119 + 0 + 0 + 0 = 119;
Total number of LUTs after P&R:  121 + 0 + 0 + 0 = 121;

