Software Version: 2025.1.0.14
Programmer 'E2009O0GCO' : JTAG TCK / SPI SCK frequency = 1 MHz
programmer 'E2009O0GCO' : FlashPro5
Opened '/home/hazen/LiberoProjects/blinky_counter/designer/led_blinker/led_blinker_fp/led_blinker.pro'
The 'open_project' command succeeded.
Info: Programming is already enabled for device 'MPFS095T'.
The 'enable_device' command succeeded.
PPD file '/home/hazen/LiberoProjects/blinky_counter/designer/led_blinker/led_blinker.ppd' has been loaded successfully.
DESIGN : led_blinker;  CHECKSUM : FA5B;  PDB_VERSION : 1.0
The 'set_programming_file' command succeeded.
The 'set_programming_action' command succeeded.
programmer 'E2009O0GCO' : Scan Chain...
Programmer 'E2009O0GCO' : JTAG TCK / SPI SCK frequency = 1 MHz
programmer 'E2009O0GCO' : Check Chain...
programmer 'E2009O0GCO' : Scan and Check Chain PASSED.
programmer 'E2009O0GCO' : device 'MPFS095T' : Executing action PROGRAM
Programmer 'E2009O0GCO' : JTAG TCK / SPI SCK frequency = 4 MHz
programmer 'E2009O0GCO' : device 'MPFS095T' : EXPORT Algo_version[16] = 0002
programmer 'E2009O0GCO' : device 'MPFS095T' : EXPORT IDCODE[32] = 0f8181cf
programmer 'E2009O0GCO' : device 'MPFS095T' : EXPORT ISC_ENABLE_RESULT[32] = 00000000
programmer 'E2009O0GCO' : device 'MPFS095T' : EXPORT CRCERR[1] = 0
programmer 'E2009O0GCO' : device 'MPFS095T' : Programming Mode: JTAG
programmer 'E2009O0GCO' : device 'MPFS095T' : Programming FPGA Array and sNVM...
programmer 'E2009O0GCO' : device 'MPFS095T' : Calculating component bitstream digests using programming file...
programmer 'E2009O0GCO' : device 'MPFS095T' : EXPORT Fabric component bitstream digest[256] = 7321ffb4272c8c4f05dfd2e620bffddd42611bf50076a8ffc78c7cc0f0fad481
programmer 'E2009O0GCO' : device 'MPFS095T' : EXPORT sNVM component bitstream digest[256] = b0a9e2be29f47fa951a6a131a8dd9a9016e5ba87de5833c742b7f654428ea6e7
programmer 'E2009O0GCO' : device 'MPFS095T' : EXPORT Entire bitstream digest[256] = 15c2f10e64a97410e8ac131d524d9ce1a984a527811decc61195c9a97fed66f8
programmer 'E2009O0GCO' : device 'MPFS095T' : Reading digests for all the segments from the device...
programmer 'E2009O0GCO' : device 'MPFS095T' : EXPORT CHECK FABRIC digest[256] = 6a4d2782106a83cdde13d69dc8b35fb4a2b7cef783d5e775d895771d3aea0a35
programmer 'E2009O0GCO' : device 'MPFS095T' : EXPORT CC digest[256] = bb2d11664e8b081476135e119df99806fc344f2147d1bb564ea20af0a303b3f6
programmer 'E2009O0GCO' : device 'MPFS095T' : EXPORT SNVM digest[256] = b00d31dc13701e6c9538772d079b681d11acb9071a6cbc870e67606d142b3da8
programmer 'E2009O0GCO' : device 'MPFS095T' : EXPORT UL digest[256] = 6536ff1fd0a85bd3eda079923dd36fe296d55bfff4dd26b63b8b8209c2b4648d
programmer 'E2009O0GCO' : device 'MPFS095T' : EXPORT UKDIGEST0 digest[256] = 0000000000000000000000000000000000000000000000000000000000000000
programmer 'E2009O0GCO' : device 'MPFS095T' : EXPORT UKDIGEST1 digest[256] = 0000000000000000000000000000000000000000000000000000000000000000
programmer 'E2009O0GCO' : device 'MPFS095T' : EXPORT UKDIGEST2 digest[256] = d45264ac8021c51b0e1a01764b865b74ccf1bec3d20c40078063d19891aba92e
programmer 'E2009O0GCO' : device 'MPFS095T' : EXPORT UKDIGEST3 digest[256] = 4bfb5927a93198eae8f0d920233d00439b9709d36eef982730206ad142fda5f5
programmer 'E2009O0GCO' : device 'MPFS095T' : EXPORT UKDIGEST4 digest[256] = 0000000000000000000000000000000000000000000000000000000000000000
programmer 'E2009O0GCO' : device 'MPFS095T' : EXPORT UKDIGEST5 digest[256] = d45264ac8021c51b0e1a01764b865b74ccf1bec3d20c40078063d19891aba92e
programmer 'E2009O0GCO' : device 'MPFS095T' : EXPORT UKDIGEST6 digest[256] = 4bfb5927a93198eae8f0d920233d00439b9709d36eef982730206ad142fda5f5
programmer 'E2009O0GCO' : device 'MPFS095T' : EXPORT UPERM digest[256] = 49a5818c4fff9561dff202eddf5d7b9dca9189afe8e0c6eb76de64f6726abb93
programmer 'E2009O0GCO' : device 'MPFS095T' : EXPORT SYS digest[256] = 3fdc1981d13b3a819dd925203501c5cb1895e71c59c16ac04d1769f69150b3da
programmer 'E2009O0GCO' : device 'MPFS095T' : EXPORT UKDIGEST7 digest[256] = 4bfb5927a93198eae8f0d920233d00439b9709d36eef982730206ad142fda5f5
programmer 'E2009O0GCO' : device 'MPFS095T' : EXPORT ENVM digest[256] = 55b852781b9995a44c939b64e441ae2724b96f99c8f4fb9a141cfc9842c4b0e3
programmer 'E2009O0GCO' : device 'MPFS095T' : EXPORT UKDIGEST8 digest[256] = 87eb736677196efe6270b2d09e04009e441ca3aed1077578afc813caa5ffc787
programmer 'E2009O0GCO' : device 'MPFS095T' : EXPORT UKDIGEST9 digest[256] = 24e58e26abd4a4ca46516d4614f6f4dddb7e9a4fed9e8439e1d7e5b0b56caa17
programmer 'E2009O0GCO' : device 'MPFS095T' : EXPORT UKDIGEST10 digest[256] = 4bfb5927a93198eae8f0d920233d00439b9709d36eef982730206ad142fda5f5
programmer 'E2009O0GCO' : device 'MPFS095T' : Please refer to System Services User Guide for more details about different digests.
programmer 'E2009O0GCO' : device 'MPFS095T' : ===================================================================================
programmer 'E2009O0GCO' : device 'MPFS095T' : EXPORT DSN[128] = 8ba757fb661e89533ea32f166620b6c7
programmer 'E2009O0GCO' : device 'MPFS095T' : ===================================================================================
programmer 'E2009O0GCO' : Finished: Tue Nov 18 13:44:10 2025 (Elapsed time 00:01:29)
programmer 'E2009O0GCO' : device 'MPFS095T' : Executing action PROGRAM PASSED.
programmer 'E2009O0GCO' : Chain programming PASSED.
Chain Programming Finished: Tue Nov 18 13:44:10 2025 (Elapsed time 00:01:29)

                        o - o - o - o - o - o

The 'run_selected_actions' command succeeded.
Project saved.
The 'save_project' command succeeded.
Project closed.
The 'close_project' command succeeded.
The Execute Script command succeeded.
